Build started 2/9/2013 8:18:49 PM.
     1>Project "c:\Users\nmatt_000\documents\visual studio 2010\Projects\Hello GIT\Hello GIT\Hello GIT.vcxproj" on node 2 (build target(s)).
     1>PrepareForBuild:
         Creating directory "c:\users\nmatt_000\documents\visual studio 2010\Projects\Hello GIT\Debug\".
       InitializeBuildStatus:
         Creating "Debug\Hello GIT.unsuccessfulbuild" because "AlwaysCreate" was specified.
       ClCompile:
         C:\Program Files (x86)\Microsoft Visual Studio 10.0\VC\bin\CL.exe /c /ZI /nologo /W3 /WX- /Od /Oy- /D _MBCS /Gm /EHsc /RTC1 /MDd /GS /fp:precise /Zc:wchar_t /Zc:forScope /Fo"Debug\\" /Fd"Debug\vc100.pdb" /Gd /TP /analyze- /errorReport:prompt Main.cpp
         Main.cpp
       Link:
         C:\Program Files (x86)\Microsoft Visual Studio 10.0\VC\bin\link.exe /ERRORREPORT:PROMPT /OUT:"c:\users\nmatt_000\documents\visual studio 2010\Projects\Hello GIT\Debug\Hello GIT.exe" /NOLOGO kernel32.lib user32.lib gdi32.lib winspool.lib comdlg32.lib advapi32.lib shell32.lib ole32.lib oleaut32.lib uuid.lib odbc32.lib odbccp32.lib /MANIFEST /ManifestFile:"Debug\Hello GIT.exe.intermediate.manifest" /MANIFESTUAC:"level='asInvoker' uiAccess='false'" /DEBUG /PDB:"c:\users\nmatt_000\documents\visual studio 2010\Projects\Hello GIT\Debug\Hello GIT.pdb" /TLBID:1 /DYNAMICBASE /NXCOMPAT /IMPLIB:"c:\users\nmatt_000\documents\visual studio 2010\Projects\Hello GIT\Debug\Hello GIT.lib" /MACHINE:X86 Debug\Main.obj
         Hello GIT.vcxproj -> c:\users\nmatt_000\documents\visual studio 2010\Projects\Hello GIT\Debug\Hello GIT.exe
       Manifest:
         C:\Program Files (x86)\Microsoft SDKs\Windows\v7.0A\bin\mt.exe /nologo /verbose /outputresource:"c:\users\nmatt_000\documents\visual studio 2010\Projects\Hello GIT\Debug\Hello GIT.exe;#1" /manifest "Debug\Hello GIT.exe.intermediate.manifest"
       FinalizeBuildStatus:
         Deleting file "Debug\Hello GIT.unsuccessfulbuild".
         Touching "Debug\Hello GIT.lastbuildstate".
     1>Done Building Project "c:\Users\nmatt_000\documents\visual studio 2010\Projects\Hello GIT\Hello GIT\Hello GIT.vcxproj" (build target(s)).

Build succeeded.

Time Elapsed 00:00:01.38
